<?xml version="1.0" encoding="UTF-8"?>
<!-- Generated by org.testng.reporters.JUnitReportReporter -->
<testsuite hostname="shukal-K73TK" name="LoginTest" tests="3" failures="0" timestamp="18 Dec 2016 18:15:51 GMT" time="26.766" errors="0">
  <testcase name="tryToLogout" time="8.606" classname="LoginTest"/>
  <testcase name="tryToLoginPositive" time="9.637" classname="LoginTest"/>
  <testcase name="tryToLoginNegative" time="8.523" classname="LoginTest"/>
</testsuite> <!-- LoginTest -->
