<?xml version="1.0" encoding="UTF-8"?>
<!-- Generated by org.testng.reporters.JUnitReportReporter -->
<testsuite hostname="shukal-K73TK" name="AdminActionsTest" tests="3" failures="0" timestamp="18 Dec 2016 18:15:51 GMT" time="41.531" errors="0">
  <testcase name="writePost" time="17.355" classname="AdminActionsTest"/>
  <testcase name="doSearch" time="11.363" classname="AdminActionsTest"/>
  <testcase name="writeComment" time="12.813" classname="AdminActionsTest"/>
</testsuite> <!-- AdminActionsTest -->
