<?xml version="1.0" encoding="UTF-8"?>
<!-- Generated by org.testng.reporters.JUnitReportReporter -->
<testsuite hostname="shukal-K73TK" name="GuestActionsTest" tests="2" failures="0" timestamp="17 Dec 2016 17:43:47 GMT" time="16.939" errors="0">
  <testcase name="doSearch" time="8.774" classname="GuestActionsTest"/>
  <testcase name="writeComment" time="8.165" classname="GuestActionsTest"/>
</testsuite> <!-- GuestActionsTest -->
