<?xml version="1.0" encoding="UTF-8"?>
<!-- Generated by org.testng.reporters.JUnitReportReporter -->
<testsuite hostname="shukal-K73TK" name="LoginTest" tests="2" failures="0" timestamp="17 Dec 2016 17:43:47 GMT" time="14.896" errors="0">
  <testcase name="tryToLoginPositive" time="7.497" classname="LoginTest"/>
  <testcase name="tryToLoginNegative" time="7.399" classname="LoginTest"/>
</testsuite> <!-- LoginTest -->
