<?xml version="1.0" encoding="UTF-8"?>
<!-- Generated by org.testng.reporters.JUnitReportReporter -->
<testsuite hostname="shukal-K73TK" name="GuestActionsTest" tests="2" failures="0" timestamp="18 Dec 2016 18:15:51 GMT" time="18.471" errors="0">
  <testcase name="doSearch" time="9.478" classname="GuestActionsTest"/>
  <testcase name="writeComment" time="8.993" classname="GuestActionsTest"/>
</testsuite> <!-- GuestActionsTest -->
