<?xml version="1.0" encoding="UTF-8"?>
<!-- Generated by org.testng.reporters.JUnitReportReporter -->
<testsuite hostname="shukal-K73TK" name="GuestActionsTest" tests="2" failures="0" timestamp="16 Dec 2016 09:50:03 GMT" time="20.420" errors="0">
  <testcase name="doSearch" time="10.006" classname="GuestActionsTest"/>
  <testcase name="writeComment" time="10.414" classname="GuestActionsTest"/>
</testsuite> <!-- GuestActionsTest -->
