<?xml version="1.0" encoding="UTF-8"?>
<!-- Generated by org.testng.reporters.JUnitReportReporter -->
<testsuite hostname="shukal-K73TK" name="LoginTest" tests="2" failures="0" timestamp="16 Dec 2016 09:50:03 GMT" time="15.637" errors="0">
  <testcase name="tryToLoginNegative" time="7.994" classname="LoginTest"/>
  <testcase name="tryToLoginPositive" time="7.643" classname="LoginTest"/>
</testsuite> <!-- LoginTest -->
